  Killing any running python.exe instances...
  Getting build info from git
  fatal: not a git repository (or any of the parent directories): .git
D:\Desktop\Python-3.7.0\PCbuild\pythoncore.vcxproj(466,5): warning MSB3073: 命令“git name-rev --name-only HEAD > "D:\Desktop\Python-3.7.0\PCbuild\obj\37win32_Release\pythoncore\gitbranch.txt"”已退出，代码为 128。
D:\Desktop\Python-3.7.0\PCbuild\pythoncore.vcxproj(466,5): warning MSB4181: “Exec”任务返回了 false，但未记录错误。
  fatal: not a git repository (or any of the parent directories): .git
D:\Desktop\Python-3.7.0\PCbuild\pythoncore.vcxproj(467,5): warning MSB3073: 命令“git rev-parse --short HEAD > "D:\Desktop\Python-3.7.0\PCbuild\obj\37win32_Release\pythoncore\gitversion.txt"”已退出，代码为 128。
D:\Desktop\Python-3.7.0\PCbuild\pythoncore.vcxproj(467,5): warning MSB4181: “Exec”任务返回了 false，但未记录错误。
  fatal: not a git repository (or any of the parent directories): .git
D:\Desktop\Python-3.7.0\PCbuild\pythoncore.vcxproj(468,5): warning MSB3073: 命令“git describe --all --always --dirty > "D:\Desktop\Python-3.7.0\PCbuild\obj\37win32_Release\pythoncore\gittag.txt"”已退出，代码为 128。
D:\Desktop\Python-3.7.0\PCbuild\pythoncore.vcxproj(468,5): warning MSB4181: “Exec”任务返回了 false，但未记录错误。
  Building : 
D:\Desktop\Python-3.7.0\PCbuild\pythoncore.vcxproj(482,5): warning : Toolset v142 is not used for official builds. Your build may have errors or incompatibilities.
D:\Desktop\Python-3.7.0\PCbuild\pythoncore.vcxproj(485,5): warning : Not including zlib is not a supported configuration.
  _abc.c
  _asynciomodule.c
  _bisectmodule.c
  blake2module.c
  blake2b_impl.c
  blake2s_impl.c
  _codecsmodule.c
  _collectionsmodule.c
  _contextvarsmodule.c
  _csv.c
  _functoolsmodule.c
  _heapqmodule.c
  _json.c
  _localemodule.c
  _lsprof.c
  _math.c
  _pickle.c
  _randommodule.c
  sha3module.c
D:\Desktop\Python-3.7.0\Modules\_sha3\kcp\KeccakSponge.h(1,1): warning C4819: 该文件包含不能在当前代码页(936)中表示的字符。请将该文件保存为 Unicode 格式以防止数据丢失
  _sre.c
  正在编译...
  _stat.c
  _struct.c
  _weakref.c
  arraymodule.c
  atexitmodule.c
  audioop.c
  binascii.c
  cmathmodule.c
  _datetimemodule.c
  errnomodule.c
  faulthandler.c
  gcmodule.c
  hashtable.c
  itertoolsmodule.c
  main.c
  mathmodule.c
  md5module.c
  mmapmodule.c
  _opcode.c
  _operator.c
  正在编译...
  parsermodule.c
  posixmodule.c
  rotatingtree.c
  sha1module.c
  sha256module.c
  sha512module.c
  signalmodule.c
  symtablemodule.c
  _threadmodule.c
  _tracemalloc.c
  timemodule.c
  xxsubtype.c
  zipimport.c
  fileio.c
  bytesio.c
  stringio.c
  bufferedio.c
  iobase.c
  textio.c
  winconsoleio.c
  正在编译...
  _iomodule.c
  _codecs_cn.c
  _codecs_hk.c
  _codecs_iso2022.c
  _codecs_jp.c
  _codecs_kr.c
  _codecs_tw.c
  multibytecodec.c
  _winapi.c
  abstract.c
  accu.c
  boolobject.c
  bytearrayobject.c
  bytes_methods.c
  bytesobject.c
  call.c
  capsule.c
  cellobject.c
  classobject.c
  codeobject.c
  正在编译...
  complexobject.c
  descrobject.c
  dictobject.c
  enumobject.c
  exceptions.c
  fileobject.c
  floatobject.c
  frameobject.c
  funcobject.c
  genobject.c
  iterobject.c
  listobject.c
  longobject.c
  memoryobject.c
  methodobject.c
  moduleobject.c
  namespaceobject.c
  object.c
  obmalloc.c
  odictobject.c
  正在编译...
  rangeobject.c
  setobject.c
  sliceobject.c
  structseq.c
  tupleobject.c
  typeobject.c
  unicodectype.c
  unicodeobject.c
  weakrefobject.c
  acceler.c
  bitset.c
  firstsets.c
  grammar.c
  grammar1.c
  listnode.c
  metagrammar.c
  myreadline.c
  node.c
  parser.c
  parsetok.c
  正在编译...
  tokenizer.c
  invalid_parameter_handler.c
  winreg.c
  config.c
  getpathp.c
  msvcrtmodule.c
  pyhash.c
  _warnings.c
  asdl.c
  ast.c
  ast_opt.c
  ast_unparse.c
  bltinmodule.c
  bootstrap_hash.c
  ceval.c
  codecs.c
  compile.c
  context.c
  dynamic_annotations.c
  dynload_win.c
  正在编译...
  errors.c
  fileutils.c
  formatter_unicode.c
  frozen.c
  future.c
  getargs.c
  getcompiler.c
  getcopyright.c
  getopt.c
  getplatform.c
  getversion.c
  graminit.c
  hamt.c
  import.c
  importdl.c
  marshal.c
  modsupport.c
  mysnprintf.c
  mystrtoul.c
  pathconfig.c
  正在编译...
  peephole.c
  pyarena.c
  pyctype.c
  pyfpe.c
  pylifecycle.c
  pymath.c
  pytime.c
  pystate.c
  pystrcmp.c
  pystrhex.c
  pystrtod.c
  dtoa.c
  Python-ast.c
  pythonrun.c
  structmember.c
  symtable.c
  sysmodule.c
  thread.c
  traceback.c
  dl_nt.c
  getbuildinfo.c
    正在创建库 D:\Desktop\Python-3.7.0\PCbuild\win32\python37.lib 和对象 D:\Desktop\Python-3.7.0\PCbuild\win32\python37.exp
  正在生成代码
  已完成代码的生成
  pythoncore.vcxproj -> D:\Desktop\Python-3.7.0\PCbuild\win32\python37.dll
